<?xml version="1.0" encoding="UTF-8"?>
<!-- Generated by org.testng.reporters.JUnitXMLReporter -->
<testsuite ignored="2" hostname="DESKTOP-FUGQNF4" failures="0" tests="2" name="Test" time="7.991" errors="0" timestamp="2026-02-23T16:40:51 IST">
  <testcase classname="TestNG.Groups" name="OpenApp" time="5.67"/>
  <testcase classname="TestNG.Groups" name="Login" time="2.197"/>
  <testcase classname="TestNG.Groups" name="Search" time="0.0">
    <ignored/>
  </testcase> <!-- Search -->
  <testcase classname="TestNG.Groups" name="CloseApp" time="0.0">
    <ignored/>
  </testcase> <!-- CloseApp -->
</testsuite> <!-- Test -->
