<?xml version="1.0" encoding="UTF-8"?>
<testng-results ignored="0" total="2" passed="2" failed="0" skipped="0">
  <reporter-output>
  </reporter-output>
  <suite started-at="2026-02-26T16:42:52 IST" name="Default suite" finished-at="2026-02-26T16:43:00 IST" duration-ms="7562">
    <groups>
    </groups>
    <test started-at="2026-02-26T16:42:52 IST" name="Default test" finished-at="2026-02-26T16:43:00 IST" duration-ms="7562">
      <class name="POMTests.LoginTest">
        <test-method is-config="true" signature="Setup()[pri:0, instance:POMTests.LoginTest@192d43ce]" started-at="2026-02-26T16:42:52 IST" name="Setup" finished-at="2026-02-26T16:42:59 IST" duration-ms="6658" status="PASS">
          <reporter-output>
          </reporter-output>
        </test-method> <!-- Setup -->
        <test-method signature="Header()[pri:1, instance:POMTests.LoginTest@192d43ce]" started-at="2026-02-26T16:42:59 IST" name="Header" finished-at="2026-02-26T16:42:59 IST" duration-ms="68" status="PASS">
          <reporter-output>
          </reporter-output>
        </test-method> <!-- Header -->
        <test-method signature="Login()[pri:2, instance:POMTests.LoginTest@192d43ce]" started-at="2026-02-26T16:42:59 IST" name="Login" finished-at="2026-02-26T16:43:00 IST" duration-ms="373" status="PASS">
          <reporter-output>
          </reporter-output>
        </test-method> <!-- Login -->
        <test-method is-config="true" signature="CloseApp()[pri:0, instance:POMTests.LoginTest@192d43ce]" started-at="2026-02-26T16:43:00 IST" name="CloseApp" finished-at="2026-02-26T16:43:00 IST" duration-ms="382" status="PASS">
          <reporter-output>
          </reporter-output>
        </test-method> <!-- CloseApp -->
      </class> <!-- POMTests.LoginTest -->
    </test> <!-- Default test -->
  </suite> <!-- Default suite -->
</testng-results>
