<?xml version="1.0" encoding="UTF-8"?>
<!-- Generated by org.testng.reporters.JUnitReportReporter -->
<testsuite hostname="DESKTOP-FUGQNF4" failures="0" tests="4" name="TestNG.AnnotationandPriority1" time="16.195" errors="0" timestamp="2026-02-07T17:20:30 IST" skipped="0">
  <testcase classname="TestNG.AnnotationandPriority1" name="OpenApp" time="13.294"/>
  <testcase classname="TestNG.AnnotationandPriority1" name="Login" time="2.586"/>
  <testcase classname="TestNG.AnnotationandPriority1" name="Search" time="0.002"/>
  <testcase classname="TestNG.AnnotationandPriority1" name="CloseApp" time="0.313"/>
</testsuite> <!-- TestNG.AnnotationandPriority1 -->
