<?xml version="1.0" encoding="UTF-8"?>
<!-- Generated by org.testng.reporters.JUnitReportReporter -->
<testsuite hostname="DESKTOP-FUGQNF4" failures="0" tests="4" name="TestNG.AnnotationandPriority" time="7.224" errors="0" timestamp="2026-02-06T16:32:25 IST" skipped="0">
  <testcase classname="TestNG.AnnotationandPriority" name="OpenApp" time="5.940"/>
  <testcase classname="TestNG.AnnotationandPriority" name="Login" time="0.870"/>
  <testcase classname="TestNG.AnnotationandPriority" name="Search" time="0.005"/>
  <testcase classname="TestNG.AnnotationandPriority" name="CloseApp" time="0.409"/>
</testsuite> <!-- TestNG.AnnotationandPriority -->
